<?xml version="1.0" encoding="UTF-8"?>
<!-- Generated by org.testng.reporters.JUnitReportReporter -->
<testsuite hostname="seleniuminstance1-0" failures="0" tests="3" name="testcases.Testcase1" time="24.487" errors="0" timestamp="2023-08-10T13:13:55 UTC" skipped="0">
  <testcase classname="testcases.Testcase1" name="Register" time="12.393"/>
  <testcase classname="testcases.Testcase1" name="Valid_Login_TC" time="5.555"/>
  <testcase classname="testcases.Testcase1" name="TC_Vote_003" time="6.539"/>
</testsuite> <!-- testcases.Testcase1 -->
